2020-02-22 21:58:45,824 - root - INFO - Бот запускается
2020-02-22 21:58:46,567 - root - INFO - Вызван /start
2020-02-22 21:58:47,176 - root - INFO - Вызван /start
2020-02-22 21:58:50,743 - root - INFO - Вызван /start
2020-02-22 21:58:52,984 - root - INFO - Вызван /start
2020-02-22 21:58:54,334 - root - INFO - Вызван /start
2020-02-22 22:03:03,240 - root - INFO - Бот запускается
2020-02-22 22:03:09,078 - root - INFO - Вызван /start
2020-02-22 22:03:13,546 - root - INFO - привет
2020-02-22 22:03:17,005 - root - INFO - как дела:
2020-02-22 22:03:18,910 - root - INFO - ?
2020-02-22 22:09:28,860 - telegram.ext.updater - INFO - Received signal 2 (SIGINT), stopping...
2020-02-22 22:24:00,634 - root - INFO - Бот запускается
2020-02-22 22:24:05,734 - root - INFO - Привет Дмитрий! Ты написал: asdfasdf
2020-02-22 22:28:13,780 - root - INFO - Бот запускается
2020-02-22 22:28:24,011 - root - INFO - User: Дмитрий, ChatID: 499156636, Message: Дарова!
2020-03-01 13:14:15,730 - root - INFO - Бот запускается
2020-03-01 13:14:36,519 - root - INFO - User: Дмитрий, ChatID: 499156636, Message: /planet su
2020-03-01 13:15:10,485 - telegram.ext.updater - INFO - Received signal 2 (SIGINT), stopping...
2020-03-01 13:16:49,246 - root - INFO - Бот запускается
2020-03-01 13:17:10,217 - root - INFO - Бот запускается
